<?xml version="1.0" encoding="UTF-8"?>
<!-- Generated by org.testng.reporters.JUnitReportReporter -->
<testsuite hostname="ram-laptop" name="com.selenium.test.TestNGDataDrivenTest" tests="2" failures="0" timestamp="6 Jan 2011 15:49:37 GMT" time="0.085" errors="0">
  <testcase name="wikiTest" time="0.042" classname="com.selenium.test.TestNGDataDrivenTest"/>
  <testcase name="wikiTest" time="0.043" classname="com.selenium.test.TestNGDataDrivenTest"/>
</testsuite>
