<?xml version="1.0" encoding="UTF-8"?>
<!-- Generated by org.testng.reporters.JUnitReportReporter -->
<testsuite hostname="ram-laptop" name="com.selenium.test.AmazonTest" tests="1" failures="0" timestamp="11 Dec 2010 17:50:05 GMT" time="58.160" errors="0">
  <testcase name="testSeleniumBasic" time="58.160" classname="com.selenium.test.AmazonTest"/>
</testsuite>
