<?xml version="1.0" encoding="UTF-8"?>
<!-- Generated by org.testng.reporters.JUnitReportReporter -->
<testsuite hostname="ram-laptop" name="com.selenium.test.TestNGDataDrivenTest" tests="3" failures="0" timestamp="10 Jan 2011 17:15:16 GMT" time="34.031" errors="0">
  <testcase name="wikiTest" time="7.610" classname="com.selenium.test.TestNGDataDrivenTest"/>
  <testcase name="wikiTest" time="8.816" classname="com.selenium.test.TestNGDataDrivenTest"/>
  <testcase name="wikiTest" time="17.605" classname="com.selenium.test.TestNGDataDrivenTest"/>
</testsuite>
