<?xml version="1.0" encoding="UTF-8"?>
<!-- Generated by org.testng.reporters.JUnitReportReporter -->
<testsuite hostname="ram-laptop" name="com.selenium.test.TestNGDataDrivenTest" tests="3" failures="0" timestamp="10 Jan 2011 17:29:57 GMT" time="79.303" errors="0">
  <testcase name="wikiTest" time="18.972" classname="com.selenium.test.TestNGDataDrivenTest"/>
  <testcase name="wikiTest" time="22.716" classname="com.selenium.test.TestNGDataDrivenTest"/>
  <testcase name="wikiTest" time="37.615" classname="com.selenium.test.TestNGDataDrivenTest"/>
</testsuite>
